# JRE version: Java(TM) SE Runtime Environment (7.0_79-b15) (build 1.7.0_79-b15)
# Java VM: Java HotSpot(TM) 64-Bit Server VM (24.79-b02 mixed mode bsd-amd64 compressed oops)
Heap
 PSYoungGen      total 208896K, used 65551K [0x00000007f0000000, 0x0000000800000000, 0x0000000800000000)
  eden space 156672K, 21% used [0x00000007f0000000,0x00000007f20e76e8,0x00000007f9900000)
  from space 52224K, 61% used [0x00000007fcd00000,0x00000007fec1c780,0x0000000800000000)
  to   space 52736K, 0% used [0x00000007f9900000,0x00000007f9900000,0x00000007fcc80000)
 ParOldGen       total 183808K, used 102430K [0x00000007d0000000, 0x00000007db380000, 0x00000007f0000000)
  object space 183808K, 55% used [0x00000007d0000000,0x00000007d6407888,0x00000007db380000)
 PSPermGen       total 106496K, used 71978K [0x00000007c0000000, 0x00000007c6800000, 0x00000007d0000000)
  object space 106496K, 67% used [0x00000007c0000000,0x00000007c464a9b8,0x00000007c6800000)
GC Heap History (10 events):
Event: 195.470 GC heap before
{Heap before GC invocations=64 (full 4):
 PSYoungGen      total 209920K, used 186373K [0x00000007f0000000, 0x00000007ffe80000, 0x0000000800000000)
  eden space 161280K, 100% used [0x00000007f0000000,0x00000007f9d80000,0x00000007f9d80000)
  from space 48640K, 51% used [0x00000007f9d80000,0x00000007fb601508,0x00000007fcd00000)
  to   space 48128K, 0% used [0x00000007fcf80000,0x00000007fcf80000,0x00000007ffe80000)
 ParOldGen       total 183808K, used 102414K [0x00000007d0000000, 0x00000007db380000, 0x00000007f0000000)
  object space 183808K, 55% used [0x00000007d0000000,0x00000007d6403888,0x00000007db380000)
 PSPermGen       total 106496K, used 70823K [0x00000007c0000000, 0x00000007c6800000, 0x00000007d0000000)
  object space 106496K, 66% used [0x00000007c0000000,0x00000007c4529e68,0x00000007c6800000)
Event: 195.498 GC heap after
Heap after GC invocations=64 (full 4):
 PSYoungGen      total 211968K, used 27223K [0x00000007f0000000, 0x0000000800000000, 0x0000000800000000)
  eden space 163840K, 0% used [0x00000007f0000000,0x00000007f0000000,0x00000007fa000000)
  from space 48128K, 56% used [0x00000007fcf80000,0x00000007fea15e70,0x00000007ffe80000)
  to   space 48640K, 0% used [0x00000007fa000000,0x00000007fa000000,0x00000007fcf80000)
 ParOldGen       total 183808K, used 102422K [0x00000007d0000000, 0x00000007db380000, 0x00000007f0000000)
  object space 183808K, 55% used [0x00000007d0000000,0x00000007d6405888,0x00000007db380000)
 PSPermGen       total 106496K, used 70823K [0x00000007c0000000, 0x00000007c6800000, 0x00000007d0000000)
  object space 106496K, 66% used [0x00000007c0000000,0x00000007c4529e68,0x00000007c6800000)
}
Event: 210.361 GC heap before
{Heap before GC invocations=65 (full 4):
 PSYoungGen      total 211968K, used 191063K [0x00000007f0000000, 0x0000000800000000, 0x0000000800000000)
  eden space 163840K, 100% used [0x00000007f0000000,0x00000007fa000000,0x00000007fa000000)
  from space 48128K, 56% used [0x00000007fcf80000,0x00000007fea15e70,0x00000007ffe80000)
  to   space 48640K, 0% used [0x00000007fa000000,0x00000007fa000000,0x00000007fcf80000)
 ParOldGen       total 183808K, used 102422K [0x00000007d0000000, 0x00000007db380000, 0x00000007f0000000)
  object space 183808K, 55% used [0x00000007d0000000,0x00000007d6405888,0x00000007db380000)
 PSPermGen       total 106496K, used 71107K [0x00000007c0000000, 0x00000007c6800000, 0x00000007d0000000)
  object space 106496K, 66% used [0x00000007c0000000,0x00000007c4570dd8,0x00000007c6800000)
Event: 210.419 GC heap after
Heap after GC invocations=65 (full 4):
 PSYoungGen      total 212480K, used 29751K [0x00000007f0000000, 0x0000000800000000, 0x0000000800000000)
  eden space 163840K, 0% used [0x00000007f0000000,0x00000007f0000000,0x00000007fa000000)
  from space 48640K, 61% used [0x00000007fa000000,0x00000007fbd0df20,0x00000007fcf80000)
  to   space 49664K, 0% used [0x00000007fcf80000,0x00000007fcf80000,0x0000000800000000)
 ParOldGen       total 183808K, used 102422K [0x00000007d0000000, 0x00000007db380000, 0x00000007f0000000)
  object space 183808K, 55% used [0x00000007d0000000,0x00000007d6405888,0x00000007db380000)
 PSPermGen       total 106496K, used 71107K [0x00000007c0000000, 0x00000007c6800000, 0x00000007d0000000)
  object space 106496K, 66% used [0x00000007c0000000,0x00000007c4570dd8,0x00000007c6800000)
}
Event: 237.732 GC heap before
{Heap before GC invocations=66 (full 4):
 PSYoungGen      total 212480K, used 192606K [0x00000007f0000000, 0x0000000800000000, 0x0000000800000000)
  eden space 163840K, 99% used [0x00000007f0000000,0x00000007f9f09b20,0x00000007fa000000)
  from space 48640K, 61% used [0x00000007fa000000,0x00000007fbd0df20,0x00000007fcf80000)
  to   space 49664K, 0% used [0x00000007fcf80000,0x00000007fcf80000,0x0000000800000000)
 ParOldGen       total 183808K, used 102422K [0x00000007d0000000, 0x00000007db380000, 0x00000007f0000000)
  object space 183808K, 55% used [0x00000007d0000000,0x00000007d6405888,0x00000007db380000)
 PSPermGen       total 106496K, used 71487K [0x00000007c0000000, 0x00000007c6800000, 0x00000007d0000000)
  object space 106496K, 67% used [0x00000007c0000000,0x00000007c45cfca8,0x00000007c6800000)
Event: 237.758 GC heap after
Heap after GC invocations=66 (full 4):
 PSYoungGen      total 209408K, used 32468K [0x00000007f0000000, 0x0000000800000000, 0x0000000800000000)
  eden space 159744K, 0% used [0x00000007f0000000,0x00000007f0000000,0x00000007f9c00000)
  from space 49664K, 65% used [0x00000007fcf80000,0x00000007fef35110,0x0000000800000000)
  to   space 51200K, 0% used [0x00000007f9c00000,0x00000007f9c00000,0x00000007fce00000)
 ParOldGen       total 183808K, used 102430K [0x00000007d0000000, 0x00000007db380000, 0x00000007f0000000)
  object space 183808K, 55% used [0x00000007d0000000,0x00000007d6407888,0x00000007db380000)
 PSPermGen       total 106496K, used 71487K [0x00000007c0000000, 0x00000007c6800000, 0x00000007d0000000)
  object space 106496K, 67% used [0x00000007c0000000,0x00000007c45cfca8,0x00000007c6800000)
}
Event: 265.811 GC heap before
{Heap before GC invocations=67 (full 4):
 PSYoungGen      total 209408K, used 191554K [0x00000007f0000000, 0x0000000800000000, 0x0000000800000000)
  eden space 159744K, 99% used [0x00000007f0000000,0x00000007f9b5baa8,0x00000007f9c00000)
  from space 49664K, 65% used [0x00000007fcf80000,0x00000007fef35110,0x0000000800000000)
  to   space 51200K, 0% used [0x00000007f9c00000,0x00000007f9c00000,0x00000007fce00000)
 ParOldGen       total 183808K, used 102430K [0x00000007d0000000, 0x00000007db380000, 0x00000007f0000000)
  object space 183808K, 55% used [0x00000007d0000000,0x00000007d6407888,0x00000007db380000)
 PSPermGen       total 106496K, used 71679K [0x00000007c0000000, 0x00000007c6800000, 0x00000007d0000000)
  object space 106496K, 67% used [0x00000007c0000000,0x00000007c45ffc30,0x00000007c6800000)
Event: 265.841 GC heap after
Heap after GC invocations=67 (full 4):
 PSYoungGen      total 192000K, used 32144K [0x00000007f0000000, 0x0000000800000000, 0x0000000800000000)
  eden space 159744K, 0% used [0x00000007f0000000,0x00000007f0000000,0x00000007f9c00000)
  from space 32256K, 99% used [0x00000007f9c00000,0x00000007fbb64180,0x00000007fbb80000)
  to   space 52224K, 0% used [0x00000007fcd00000,0x00000007fcd00000,0x0000000800000000)
 ParOldGen       total 183808K, used 102430K [0x00000007d0000000, 0x00000007db380000, 0x00000007f0000000)
  object space 183808K, 55% used [0x00000007d0000000,0x00000007d6407888,0x00000007db380000)
 PSPermGen       total 106496K, used 71679K [0x00000007c0000000, 0x00000007c6800000, 0x00000007d0000000)
  object space 106496K, 67% used [0x00000007c0000000,0x00000007c45ffc30,0x00000007c6800000)
}
Event: 354.223 GC heap before
{Heap before GC invocations=68 (full 4):
 PSYoungGen      total 192000K, used 191888K [0x00000007f0000000, 0x0000000800000000, 0x0000000800000000)
  eden space 159744K, 100% used [0x00000007f0000000,0x00000007f9c00000,0x00000007f9c00000)
  from space 32256K, 99% used [0x00000007f9c00000,0x00000007fbb64180,0x00000007fbb80000)
  to   space 52224K, 0% used [0x00000007fcd00000,0x00000007fcd00000,0x0000000800000000)
 ParOldGen       total 183808K, used 102430K [0x00000007d0000000, 0x00000007db380000, 0x00000007f0000000)
  object space 183808K, 55% used [0x00000007d0000000,0x00000007d6407888,0x00000007db380000)
 PSPermGen       total 106496K, used 71813K [0x00000007c0000000, 0x00000007c6800000, 0x00000007d0000000)
  object space 106496K, 67% used [0x00000007c0000000,0x00000007c46216f0,0x00000007c6800000)
Event: 354.259 GC heap after
Heap after GC invocations=68 (full 4):
 PSYoungGen      total 208896K, used 31857K [0x00000007f0000000, 0x0000000800000000, 0x0000000800000000)
  eden space 156672K, 0% used [0x00000007f0000000,0x00000007f0000000,0x00000007f9900000)
  from space 52224K, 61% used [0x00000007fcd00000,0x00000007fec1c780,0x0000000800000000)
  to   space 52736K, 0% used [0x00000007f9900000,0x00000007f9900000,0x00000007fcc80000)
 ParOldGen       total 183808K, used 102430K [0x00000007d0000000, 0x00000007db380000, 0x00000007f0000000)
  object space 183808K, 55% used [0x00000007d0000000,0x00000007d6407888,0x00000007db380000)
 PSPermGen       total 106496K, used 71813K [0x00000007c0000000, 0x00000007c6800000, 0x00000007d0000000)
  object space 106496K, 67% used [0x00000007c0000000,0x00000007c46216f0,0x00000007c6800000)
}

